<?xml version="1.0" encoding="UTF-8"?>
<!-- Generated by org.testng.reporters.JUnitXMLReporter -->
<testsuite hostname="IN-7D0QVP3" ignored="0" name="Test" tests="10" failures="0" timestamp="2023-05-11T17:59:04 IST" time="384.55" errors="0">
  <testcase name="verifyShopNewYogaButton" time="1.147" classname="tests.HomePageTest"/>
  <testcase name="verifySignInLink" time="0.994" classname="tests.HomePageTest"/>
  <testcase name="userLoggedInScenario" time="7.611" classname="tests.LoginPageTest"/>
  <testcase name="userSignUpScenario" time="10.581" classname="tests.LoginPageTest"/>
  <testcase name="testWomenJacketsOrdering" time="52.881" classname="tests.WomensItemsOrderingTest"/>
  <testcase name="testWomenJacketsOrdering" time="52.492" classname="tests.WomensItemsOrderingTest"/>
  <testcase name="testWomenJacketsOrdering" time="52.013" classname="tests.WomensItemsOrderingTest"/>
  <testcase name="testMenShortsOrdering" time="53.474" classname="tests.MensItemsOrderingTest"/>
  <testcase name="emptyCartValidation" time="11.001" classname="tests.CartPageValidationTest"/>
  <testcase name="testGuestUserOrdering" time="41.483" classname="tests.GuestUserOrderingTest"/>
</testsuite> <!-- Test -->
