<?xml version="1.0" encoding="UTF-8"?>
<testsuite xmlns:xsi="http://www.w3.org/2001/XMLSchema-instance" xsi:noNamespaceSchemaLocation="https://maven.apache.org/surefire/maven-surefire-plugin/xsd/surefire-test-report-3.0.xsd" version="3.0" name="TestSuite" time="385.183" tests="10" errors="0" skipped="0" failures="0">
  <properties>
[...]
</properties>
  <testcase name="verifyShopNewYogaButton" classname="tests.HomePageTest" time="1.145">
    <system-out><![CDATA[log4j: reset attribute= "false".
log4j: Threshold ="null".
log4j: Level value for root is  [DEBUG].
log4j: root level set to DEBUG
log4j: Class name: [org.apache.log4j.ConsoleAppender]
log4j: Parsing layout of class: "org.apache.log4j.PatternLayout"
log4j: Setting property [conversionPattern] to [%d{yyyy-MM-dd HH:mm:ss} %-5p %c{1}:%L - %m%n].
log4j: Adding appender named [console] to category [root].
log4j: Class name: [org.apache.log4j.RollingFileAppender]
log4j: Setting property [append] to [false].
log4j: Setting property [maxFileSize] to [10MB].
log4j: Setting property [maxBackupIndex] to [10].
log4j: Setting property [file] to [C:\Users\prashantchauhan\eclipse-workspace\SeleniumTestAutomation\Log4jResult\LogStatus.log].
log4j: Parsing layout of class: "org.apache.log4j.PatternLayout"
log4j: Setting property [conversionPattern] to [%d{yyyy-MM-dd HH:mm:ss} %-5p %c{1}:%L - %m%n].
log4j: setFile called: C:\Users\prashantchauhan\eclipse-workspace\SeleniumTestAutomation\Log4jResult\LogStatus.log, false
log4j: setFile ended
log4j: Adding appender named [file] to category [root].
log4j: System property is :null
log4j: Standard DocumentBuilderFactory search succeded.
log4j: DocumentBuilderFactory is: com.sun.org.apache.xerces.internal.jaxp.DocumentBuilderFactoryImpl
log4j: debug attribute= "true".
log4j: reset attribute= "false".
log4j: Threshold ="null".
log4j: Level value for root is  [DEBUG].
log4j: root level set to DEBUG
log4j: Class name: [org.apache.log4j.ConsoleAppender]
log4j: Parsing layout of class: "org.apache.log4j.PatternLayout"
log4j: Setting property [conversionPattern] to [%d{yyyy-MM-dd HH:mm:ss} %-5p %c{1}:%L - %m%n].
log4j: Adding appender named [console] to category [root].
log4j: Class name: [org.apache.log4j.RollingFileAppender]
log4j: Setting property [append] to [false].
log4j: Setting property [maxFileSize] to [10MB].
log4j: Setting property [maxBackupIndex] to [10].
log4j: Setting property [file] to [C:\Users\prashantchauhan\eclipse-workspace\SeleniumTestAutomation\Log4jResult\LogStatus.log].
log4j: Parsing layout of class: "org.apache.log4j.PatternLayout"
log4j: Setting property [conversionPattern] to [%d{yyyy-MM-dd HH:mm:ss} %-5p %c{1}:%L - %m%n].
log4j: setFile called: C:\Users\prashantchauhan\eclipse-workspace\SeleniumTestAutomation\Log4jResult\LogStatus.log, false
log4j: setFile ended
log4j: Adding appender named [file] to category [root].
2023-05-11 17:52:39 INFO  BasePage:28 - Moving the test results in archieve folder
2023-05-11 17:52:39 INFO  BasePage:30 - Moving the screenshots in archieve folder
log4j: System property is :null
log4j: Standard DocumentBuilderFactory search succeded.
log4j: DocumentBuilderFactory is: com.sun.org.apache.xerces.internal.jaxp.DocumentBuilderFactoryImpl
log4j: debug attribute= "true".
log4j: reset attribute= "false".
log4j: Threshold ="null".
log4j: Level value for root is  [DEBUG].
log4j: root level set to DEBUG
log4j: Class name: [org.apache.log4j.ConsoleAppender]
log4j: Parsing layout of class: "org.apache.log4j.PatternLayout"
log4j: Setting property [conversionPattern] to [%d{yyyy-MM-dd HH:mm:ss} %-5p %c{1}:%L - %m%n].
log4j: Adding appender named [console] to category [root].
log4j: Class name: [org.apache.log4j.RollingFileAppender]
log4j: Setting property [append] to [false].
log4j: Setting property [maxFileSize] to [10MB].
log4j: Setting property [maxBackupIndex] to [10].
log4j: Setting property [file] to [C:\Users\prashantchauhan\eclipse-workspace\SeleniumTestAutomation\Log4jResult\LogStatus.log].
log4j: Parsing layout of class: "org.apache.log4j.PatternLayout"
log4j: Setting property [conversionPattern] to [%d{yyyy-MM-dd HH:mm:ss} %-5p %c{1}:%L - %m%n].
log4j: setFile called: C:\Users\prashantchauhan\eclipse-workspace\SeleniumTestAutomation\Log4jResult\LogStatus.log, false
log4j: setFile ended
log4j: Adding appender named [file] to category [root].
2023-05-11 17:52:39 INFO  BasePage:30 - Moving the test results in archieve folder
2023-05-11 17:52:39 INFO  BasePage:32 - Moving the screenshots in archieve folder
log4j: System property is :null
log4j: Standard DocumentBuilderFactory search succeded.
log4j: DocumentBuilderFactory is: com.sun.org.apache.xerces.internal.jaxp.DocumentBuilderFactoryImpl
log4j: debug attribute= "true".
log4j: reset attribute= "false".
log4j: Threshold ="null".
log4j: Level value for root is  [DEBUG].
log4j: root level set to DEBUG
log4j: Class name: [org.apache.log4j.ConsoleAppender]
log4j: Parsing layout of class: "org.apache.log4j.PatternLayout"
log4j: Setting property [conversionPattern] to [%d{yyyy-MM-dd HH:mm:ss} %-5p %c{1}:%L - %m%n].
log4j: Adding appender named [console] to category [root].
log4j: Class name: [org.apache.log4j.RollingFileAppender]
log4j: Setting property [append] to [false].
log4j: Setting property [maxFileSize] to [10MB].
log4j: Setting property [maxBackupIndex] to [10].
log4j: Setting property [file] to [C:\Users\prashantchauhan\eclipse-workspace\SeleniumTestAutomation\Log4jResult\LogStatus.log].
log4j: Parsing layout of class: "org.apache.log4j.PatternLayout"
log4j: Setting property [conversionPattern] to [%d{yyyy-MM-dd HH:mm:ss} %-5p %c{1}:%L - %m%n].
log4j: setFile called: C:\Users\prashantchauhan\eclipse-workspace\SeleniumTestAutomation\Log4jResult\LogStatus.log, false
log4j: setFile ended
log4j: Adding appender named [file] to category [root].
2023-05-11 17:52:39 INFO  BasePage:39 - Moving the test results in archieve folder
2023-05-11 17:52:39 INFO  BasePage:41 - Moving the screenshots in archieve folder
log4j: System property is :null
log4j: Standard DocumentBuilderFactory search succeded.
log4j: DocumentBuilderFactory is: com.sun.org.apache.xerces.internal.jaxp.DocumentBuilderFactoryImpl
log4j: debug attribute= "true".
log4j: reset attribute= "false".
log4j: Threshold ="null".
log4j: Level value for root is  [DEBUG].
log4j: root level set to DEBUG
log4j: Class name: [org.apache.log4j.ConsoleAppender]
log4j: Parsing layout of class: "org.apache.log4j.PatternLayout"
log4j: Setting property [conversionPattern] to [%d{yyyy-MM-dd HH:mm:ss} %-5p %c{1}:%L - %m%n].
log4j: Adding appender named [console] to category [root].
log4j: Class name: [org.apache.log4j.RollingFileAppender]
log4j: Setting property [append] to [false].
log4j: Setting property [maxFileSize] to [10MB].
log4j: Setting property [maxBackupIndex] to [10].
log4j: Setting property [file] to [C:\Users\prashantchauhan\eclipse-workspace\SeleniumTestAutomation\Log4jResult\LogStatus.log].
log4j: Parsing layout of class: "org.apache.log4j.PatternLayout"
log4j: Setting property [conversionPattern] to [%d{yyyy-MM-dd HH:mm:ss} %-5p %c{1}:%L - %m%n].
log4j: setFile called: C:\Users\prashantchauhan\eclipse-workspace\SeleniumTestAutomation\Log4jResult\LogStatus.log, false
log4j: setFile ended
log4j: Adding appender named [file] to category [root].
2023-05-11 17:52:39 INFO  BasePage:40 - Moving the test results in archieve folder
2023-05-11 17:52:39 INFO  BasePage:42 - Moving the screenshots in archieve folder
log4j: System property is :null
log4j: Standard DocumentBuilderFactory search succeded.
log4j: DocumentBuilderFactory is: com.sun.org.apache.xerces.internal.jaxp.DocumentBuilderFactoryImpl
log4j: debug attribute= "true".
log4j: reset attribute= "false".
log4j: Threshold ="null".
log4j: Level value for root is  [DEBUG].
log4j: root level set to DEBUG
log4j: Class name: [org.apache.log4j.ConsoleAppender]
log4j: Parsing layout of class: "org.apache.log4j.PatternLayout"
log4j: Setting property [conversionPattern] to [%d{yyyy-MM-dd HH:mm:ss} %-5p %c{1}:%L - %m%n].
log4j: Adding appender named [console] to category [root].
log4j: Class name: [org.apache.log4j.RollingFileAppender]
log4j: Setting property [append] to [false].
log4j: Setting property [maxFileSize] to [10MB].
log4j: Setting property [maxBackupIndex] to [10].
log4j: Setting property [file] to [C:\Users\prashantchauhan\eclipse-workspace\SeleniumTestAutomation\Log4jResult\LogStatus.log].
log4j: Parsing layout of class: "org.apache.log4j.PatternLayout"
log4j: Setting property [conversionPattern] to [%d{yyyy-MM-dd HH:mm:ss} %-5p %c{1}:%L - %m%n].
log4j: setFile called: C:\Users\prashantchauhan\eclipse-workspace\SeleniumTestAutomation\Log4jResult\LogStatus.log, false
log4j: setFile ended
log4j: Adding appender named [file] to category [root].
2023-05-11 17:52:39 INFO  BasePage:30 - Moving the test results in archieve folder
2023-05-11 17:52:39 INFO  BasePage:32 - Moving the screenshots in archieve folder
log4j: System property is :null
log4j: Standard DocumentBuilderFactory search succeded.
log4j: DocumentBuilderFactory is: com.sun.org.apache.xerces.internal.jaxp.DocumentBuilderFactoryImpl
log4j: debug attribute= "true".
log4j: reset attribute= "false".
log4j: Threshold ="null".
log4j: Level value for root is  [DEBUG].
log4j: root level set to DEBUG
log4j: Class name: [org.apache.log4j.ConsoleAppender]
log4j: Parsing layout of class: "org.apache.log4j.PatternLayout"
log4j: Setting property [conversionPattern] to [%d{yyyy-MM-dd HH:mm:ss} %-5p %c{1}:%L - %m%n].
log4j: Adding appender named [console] to category [root].
log4j: Class name: [org.apache.log4j.RollingFileAppender]
log4j: Setting property [append] to [false].
log4j: Setting property [maxFileSize] to [10MB].
log4j: Setting property [maxBackupIndex] to [10].
log4j: Setting property [file] to [C:\Users\prashantchauhan\eclipse-workspace\SeleniumTestAutomation\Log4jResult\LogStatus.log].
log4j: Parsing layout of class: "org.apache.log4j.PatternLayout"
log4j: Setting property [conversionPattern] to [%d{yyyy-MM-dd HH:mm:ss} %-5p %c{1}:%L - %m%n].
log4j: setFile called: C:\Users\prashantchauhan\eclipse-workspace\SeleniumTestAutomation\Log4jResult\LogStatus.log, false
log4j: setFile ended
log4j: Adding appender named [file] to category [root].
2023-05-11 17:52:39 INFO  BasePage:41 - Moving the test results in archieve folder
2023-05-11 17:52:39 INFO  BasePage:43 - Moving the screenshots in archieve folder
2023-05-11 17:52:39 INFO  BasePage:38 - Instantiated the extent reports and other stuffs
C:\Users\prashantchauhan\eclipse-workspace\SeleniumTestAutomation\Current Test Results\Thu_May_11_17_52_39_IST_2023.html
2023-05-11 17:52:39 INFO  BasePage:49 - Instantiated the extent reports and other stuffs
2023-05-11 17:52:39 INFO  BasePage:36 - Instantiated the extent reports and other stuffs
2023-05-11 17:52:39 INFO  BasePage:38 - Instantiated the extent reports and other stuffs
2023-05-11 17:52:39 INFO  BasePage:48 - Instantiated the extent reports and other stuffs
2023-05-11 17:52:39 INFO  BasePage:47 - Instantiated the extent reports and other stuffs
2023-05-11 17:52:39 INFO  BasePage:43 - Initializing the browser
2023-05-11 17:52:39 INFO  BasePage:42 - Initializing the chrome browser.
2023-05-11 17:52:42 DEBUG InternalLoggerFactory:89 - Using Log4J as the default logging framework
2023-05-11 17:52:42 DEBUG ResourceLeakDetector:129 - -Dio.netty.leakDetection.level: simple
2023-05-11 17:52:42 DEBUG ResourceLeakDetector:130 - -Dio.netty.leakDetection.targetRecords: 4
2023-05-11 17:52:42 DEBUG ResourceLeakDetectorFactory:196 - Loaded default ResourceLeakDetector: io.netty.util.ResourceLeakDetector@6cb107fd
2023-05-11 17:52:42 DEBUG PlatformDependent0:496 - -Dio.netty.noUnsafe: false
2023-05-11 17:52:42 DEBUG PlatformDependent0:1000 - Java version: 8
2023-05-11 17:52:42 DEBUG PlatformDependent0:137 - sun.misc.Unsafe.theUnsafe: available
2023-05-11 17:52:42 DEBUG PlatformDependent0:161 - sun.misc.Unsafe.copyMemory: available
2023-05-11 17:52:42 DEBUG PlatformDependent0:193 - sun.misc.Unsafe.storeFence: available
2023-05-11 17:52:42 DEBUG PlatformDependent0:236 - java.nio.Buffer.address: available
2023-05-11 17:52:42 DEBUG PlatformDependent0:307 - direct buffer constructor: available
2023-05-11 17:52:42 DEBUG PlatformDependent0:385 - java.nio.Bits.unaligned: available, true
2023-05-11 17:52:42 DEBUG PlatformDependent0:459 - jdk.internal.misc.Unsafe.allocateUninitializedArray(int): unavailable prior to Java9
2023-05-11 17:52:42 DEBUG PlatformDependent0:482 - java.nio.DirectByteBuffer.<init>(long, int): available
2023-05-11 17:52:42 DEBUG PlatformDependent:1159 - sun.misc.Unsafe: available
2023-05-11 17:52:42 DEBUG PlatformDependent:1289 - -Dio.netty.tmpdir: C:\Users\PRASHA~1\AppData\Local\Temp (java.io.tmpdir)
2023-05-11 17:52:42 DEBUG PlatformDependent:1368 - -Dio.netty.bitMode: 64 (sun.arch.data.model)
2023-05-11 17:52:42 DEBUG PlatformDependent:1119 - Platform: Windows
2023-05-11 17:52:42 DEBUG PlatformDependent:178 - -Dio.netty.maxDirectMemory: 3678404608 bytes
2023-05-11 17:52:42 DEBUG PlatformDependent:185 - -Dio.netty.uninitializedArrayAllocationThreshold: -1
2023-05-11 17:52:42 DEBUG CleanerJava6:92 - java.nio.ByteBuffer.cleaner(): available
2023-05-11 17:52:42 DEBUG PlatformDependent:205 - -Dio.netty.noPreferDirect: false
2023-05-11 17:52:42 DEBUG PlatformDependent:1010 - org.jctools-core.MpscChunkedArrayQueue: available
2023-05-11 17:52:42 DEBUG InternalThreadLocalMap:100 - -Dio.netty.threadLocalMap.stringBuilder.initialSize: 1024
2023-05-11 17:52:42 DEBUG InternalThreadLocalMap:101 - -Dio.netty.threadLocalMap.stringBuilder.maxSize: 4096
2023-05-11 17:52:42 DEBUG JdkSslContext:83 - Default protocols (JDK): [TLSv1.2, TLSv1.1, TLSv1] 
2023-05-11 17:52:42 DEBUG JdkSslContext:84 - Default cipher suites (JDK): [TLS_ECDHE_ECDSA_WITH_AES_256_GCM_SHA384, TLS_ECDHE_ECDSA_WITH_AES_128_GCM_SHA256, TLS_ECDHE_RSA_WITH_AES_128_GCM_SHA256, TLS_ECDHE_RSA_WITH_AES_256_GCM_SHA384, TLS_ECDHE_RSA_WITH_AES_128_CBC_SHA, TLS_ECDHE_RSA_WITH_AES_256_CBC_SHA, TLS_RSA_WITH_AES_128_GCM_SHA256, TLS_RSA_WITH_AES_128_CBC_SHA, TLS_RSA_WITH_AES_256_CBC_SHA]
2023-05-11 17:52:42 DEBUG GlobalEventExecutor:53 - -Dio.netty.globalEventExecutor.quietPeriodSeconds: 1
2023-05-11 17:52:43 DEBUG MultithreadEventLoopGroup:44 - -Dio.netty.eventLoopThreads: 16
2023-05-11 17:52:43 DEBUG NioEventLoop:110 - -Dio.netty.noKeySetOptimization: false
2023-05-11 17:52:43 DEBUG NioEventLoop:111 - -Dio.netty.selectorAutoRebuildThreshold: 512
2023-05-11 17:52:43 DEBUG PooledByteBufAllocator:157 - -Dio.netty.allocator.numHeapArenas: 16
2023-05-11 17:52:43 DEBUG PooledByteBufAllocator:158 - -Dio.netty.allocator.numDirectArenas: 16
2023-05-11 17:52:43 DEBUG PooledByteBufAllocator:160 - -Dio.netty.allocator.pageSize: 8192
2023-05-11 17:52:43 DEBUG PooledByteBufAllocator:165 - -Dio.netty.allocator.maxOrder: 9
2023-05-11 17:52:43 DEBUG PooledByteBufAllocator:169 - -Dio.netty.allocator.chunkSize: 4194304
2023-05-11 17:52:43 DEBUG PooledByteBufAllocator:170 - -Dio.netty.allocator.smallCacheSize: 256
2023-05-11 17:52:43 DEBUG PooledByteBufAllocator:171 - -Dio.netty.allocator.normalCacheSize: 64
2023-05-11 17:52:43 DEBUG PooledByteBufAllocator:172 - -Dio.netty.allocator.maxCachedBufferCapacity: 32768
2023-05-11 17:52:43 DEBUG PooledByteBufAllocator:173 - -Dio.netty.allocator.cacheTrimInterval: 8192
2023-05-11 17:52:43 DEBUG PooledByteBufAllocator:174 - -Dio.netty.allocator.cacheTrimIntervalMillis: 0
2023-05-11 17:52:43 DEBUG PooledByteBufAllocator:175 - -Dio.netty.allocator.useCacheForAllThreads: false
2023-05-11 17:52:43 DEBUG PooledByteBufAllocator:176 - -Dio.netty.allocator.maxCachedByteBuffersPerChunk: 1023
2023-05-11 17:52:43 DEBUG ByteBufUtil:88 - -Dio.netty.allocator.type: pooled
2023-05-11 17:52:43 DEBUG ByteBufUtil:97 - -Dio.netty.threadLocalDirectBufferSize: 0
2023-05-11 17:52:43 DEBUG ByteBufUtil:100 - -Dio.netty.maxThreadLocalCharBufferSize: 16384
2023-05-11 17:52:43 DEBUG DefaultChannelId:79 - -Dio.netty.processId: 5452 (auto-detected)
2023-05-11 17:52:43 DEBUG NetUtil:142 - -Djava.net.preferIPv4Stack: false
2023-05-11 17:52:43 DEBUG NetUtil:143 - -Djava.net.preferIPv6Addresses: false
2023-05-11 17:52:43 DEBUG NetUtilInitializations:145 - Loopback interface: lo (Software Loopback Interface 1, 127.0.0.1)
2023-05-11 17:52:43 DEBUG NetUtil:200 - Failed to get SOMAXCONN from sysctl and file \proc\sys\net\core\somaxconn. Default: 200
2023-05-11 17:52:44 DEBUG DefaultChannelId:101 - -Dio.netty.machineId: 50:84:92:ff:fe:57:2b:c8 (auto-detected)
2023-05-11 17:52:44 DEBUG AbstractByteBuf:63 - -Dio.netty.buffer.checkAccessible: true
2023-05-11 17:52:44 DEBUG AbstractByteBuf:64 - -Dio.netty.buffer.checkBounds: true
2023-05-11 17:52:44 DEBUG ResourceLeakDetectorFactory:196 - Loaded default ResourceLeakDetector: io.netty.util.ResourceLeakDetector@3b6d3987
2023-05-11 17:52:44 DEBUG Recycler:96 - -Dio.netty.recycler.maxCapacityPerThread: 4096
2023-05-11 17:52:44 DEBUG Recycler:97 - -Dio.netty.recycler.ratio: 8
2023-05-11 17:52:44 DEBUG Recycler:98 - -Dio.netty.recycler.chunkSize: 32
2023-05-11 17:52:44 DEBUG Recycler:99 - -Dio.netty.recycler.blocking: false
2023-05-11 17:52:44 DEBUG Recycler:100 - -Dio.netty.recycler.batchFastThreadLocalOnly: true
2023-05-11 17:52:44 DEBUG Brotli:38 - brotli4j not in the classpath; Brotli support will be unavailable.
2023-05-11 17:52:44 DEBUG ThreadLocalRandom:214 - -Dio.netty.initialSeedUniquifier: 0x33a8062f7681afc0
2023-05-11 17:52:45 INFO  BasePage:51 - Maximizing the chrome browser.
2023-05-11 17:52:45 INFO  BasePage:53 - Initializing the implicit wait for chrome browser.
2023-05-11 17:52:45 INFO  BasePage:45 - Navigating the application url
2023-05-11 17:52:50 INFO  BasePage:59 - Verifying Shop New Yoga Button on Home page
2023-05-11 17:52:50 ERROR BasePage:65 - Log4j: Shop New Yoga Button validation failed.
]]></system-out>
    <system-err><![CDATA[SLF4J: No SLF4J providers were found.
SLF4J: Defaulting to no-operation (NOP) logger implementation
SLF4J: See https://www.slf4j.org/codes.html#noProviders for further details.
ChromeDriver was started successfully.
May 11, 2023 5:52:45 PM org.openqa.selenium.devtools.CdpVersionFinder findNearestMatch
WARNING: Unable to find an exact match for CDP version 112, so returning the closest version found: 111
]]></system-err>
  </testcase>
  <testcase name="verifySignInLink" classname="tests.HomePageTest" time="0.994">
    <system-out><![CDATA[2023-05-11 17:52:54 INFO  BasePage:43 - Initializing the browser
2023-05-11 17:52:54 INFO  BasePage:42 - Initializing the chrome browser.
2023-05-11 17:52:55 INFO  BasePage:51 - Maximizing the chrome browser.
2023-05-11 17:52:55 INFO  BasePage:53 - Initializing the implicit wait for chrome browser.
2023-05-11 17:52:55 INFO  BasePage:45 - Navigating the application url
2023-05-11 17:53:00 INFO  BasePage:79 - Verifying signin link on Home page
2023-05-11 17:53:01 INFO  BasePage:82 - Log4j: User can observe the Signin link on Home page.
]]></system-out>
    <system-err><![CDATA[ChromeDriver was started successfully.
May 11, 2023 5:52:55 PM org.openqa.selenium.devtools.CdpVersionFinder findNearestMatch
WARNING: Unable to find an exact match for CDP version 112, so returning the closest version found: 111
]]></system-err>
  </testcase>
  <testcase name="userLoggedInScenario" classname="tests.LoginPageTest" time="7.61">
    <system-out><![CDATA[2023-05-11 17:53:04 INFO  BasePage:45 - Initializing the browser
2023-05-11 17:53:04 INFO  BasePage:42 - Initializing the chrome browser.
2023-05-11 17:53:06 INFO  BasePage:51 - Maximizing the chrome browser.
2023-05-11 17:53:06 INFO  BasePage:53 - Initializing the implicit wait for chrome browser.
2023-05-11 17:53:06 INFO  BasePage:47 - Navigating the application url
2023-05-11 17:53:10 INFO  BasePage:103 - Clicking on signin link
2023-05-11 17:53:12 INFO  BasePage:105 - Enter email address
2023-05-11 17:53:14 INFO  BasePage:107 - Enter password
2023-05-11 17:53:14 INFO  BasePage:109 - Clicking on signin button
2023-05-11 17:53:16 INFO  BasePage:111 - Verifying the welcome message
2023-05-11 17:53:17 INFO  BasePage:115 - Log4j: Observe that user is able to logged in scuccessfully.
]]></system-out>
    <system-err><![CDATA[ChromeDriver was started successfully.
May 11, 2023 5:53:06 PM org.openqa.selenium.devtools.CdpVersionFinder findNearestMatch
WARNING: Unable to find an exact match for CDP version 112, so returning the closest version found: 111
]]></system-err>
  </testcase>
  <testcase name="userSignUpScenario" classname="tests.LoginPageTest" time="10.581">
    <system-out><![CDATA[2023-05-11 17:53:21 INFO  BasePage:45 - Initializing the browser
2023-05-11 17:53:21 INFO  BasePage:42 - Initializing the chrome browser.
2023-05-11 17:53:22 INFO  BasePage:51 - Maximizing the chrome browser.
2023-05-11 17:53:22 INFO  BasePage:53 - Initializing the implicit wait for chrome browser.
2023-05-11 17:53:22 INFO  BasePage:47 - Navigating the application url
2023-05-11 17:53:28 INFO  BasePage:61 - Clicking on signup link
2023-05-11 17:53:29 INFO  BasePage:63 - Enter first name
2023-05-11 17:53:29 INFO  BasePage:65 - Enter last name
2023-05-11 17:53:29 INFO  BasePage:67 - Enter dynamic email address
2023-05-11 17:53:32 INFO  BasePage:69 - Enter password
2023-05-11 17:53:32 INFO  BasePage:71 - Confirming the password
2023-05-11 17:53:32 INFO  BasePage:73 - Clicking on create an account button
2023-05-11 17:53:38 INFO  BasePage:75 - Verifying that registration is successfully completed
2023-05-11 17:53:38 INFO  BasePage:79 - Log4j: Observe that user is able to signed up scuccessfully.
]]></system-out>
    <system-err><![CDATA[ChromeDriver was started successfully.
May 11, 2023 5:53:22 PM org.openqa.selenium.devtools.CdpVersionFinder findNearestMatch
WARNING: Unable to find an exact match for CDP version 112, so returning the closest version found: 111
]]></system-err>
  </testcase>
  <testcase name="testWomenJacketsOrdering[M, Blue, Cotton](1)" classname="tests.WomensItemsOrderingTest" time="52.881">
    <system-out><![CDATA[C:\Users\prashantchauhan\eclipse-workspace\SeleniumTestAutomationC:\Users\prashantchauhan\eclipse-workspace\SeleniumTestAutomation\Luma_Product\LumaItemsSearchData.xlsx2023-05-11 17:53:42 INFO  BasePage:54 - Initializing the browser
2023-05-11 17:53:42 INFO  BasePage:42 - Initializing the chrome browser.
2023-05-11 17:53:43 INFO  BasePage:51 - Maximizing the chrome browser.
2023-05-11 17:53:43 INFO  BasePage:53 - Initializing the implicit wait for chrome browser.
2023-05-11 17:53:43 INFO  BasePage:56 - Navigating the application url
2023-05-11 17:53:48 INFO  BasePage:74 - Clicking on women's jacket option
2023-05-11 17:53:50 INFO  BasePage:76 - Filtering the size, color and pattern
2023-05-11 17:54:00 INFO  BasePage:80 - Items adding into cart
2023-05-11 17:54:03 INFO  BasePage:82 - User going to sign in
2023-05-11 17:54:09 INFO  BasePage:87 - Open the cart section
2023-05-11 17:54:24 INFO  BasePage:90 - Checking out the item
2023-05-11 17:54:30 INFO  BasePage:94 - Placing the order
2023-05-11 17:54:35 INFO  BasePage:96 - Verifying the order has been placed
2023-05-11 17:54:40 INFO  BasePage:100 - Log4j: Order placed successfully with women item.
]]></system-out>
    <system-err><![CDATA[ChromeDriver was started successfully.
May 11, 2023 5:53:43 PM org.openqa.selenium.devtools.CdpVersionFinder findNearestMatch
WARNING: Unable to find an exact match for CDP version 112, so returning the closest version found: 111
]]></system-err>
  </testcase>
  <testcase name="testWomenJacketsOrdering[XL, Red, Fleece](2)" classname="tests.WomensItemsOrderingTest" time="52.492">
    <system-out><![CDATA[2023-05-11 17:54:43 INFO  BasePage:54 - Initializing the browser
2023-05-11 17:54:43 INFO  BasePage:42 - Initializing the chrome browser.
2023-05-11 17:54:45 INFO  BasePage:51 - Maximizing the chrome browser.
2023-05-11 17:54:45 INFO  BasePage:53 - Initializing the implicit wait for chrome browser.
2023-05-11 17:54:45 INFO  BasePage:56 - Navigating the application url
2023-05-11 17:54:50 INFO  BasePage:74 - Clicking on women's jacket option
2023-05-11 17:54:52 INFO  BasePage:76 - Filtering the size, color and pattern
2023-05-11 17:55:02 INFO  BasePage:80 - Items adding into cart
2023-05-11 17:55:05 INFO  BasePage:82 - User going to sign in
2023-05-11 17:55:12 INFO  BasePage:87 - Open the cart section
2023-05-11 17:55:26 INFO  BasePage:90 - Checking out the item
2023-05-11 17:55:32 INFO  BasePage:94 - Placing the order
2023-05-11 17:55:37 INFO  BasePage:96 - Verifying the order has been placed
2023-05-11 17:55:42 INFO  BasePage:100 - Log4j: Order placed successfully with women item.
]]></system-out>
    <system-err><![CDATA[ChromeDriver was started successfully.
May 11, 2023 5:54:45 PM org.openqa.selenium.devtools.CdpVersionFinder findNearestMatch
WARNING: Unable to find an exact match for CDP version 112, so returning the closest version found: 111
]]></system-err>
  </testcase>
  <testcase name="testWomenJacketsOrdering[L, Gray, Polyester](3)" classname="tests.WomensItemsOrderingTest" time="52.013">
    <system-out><![CDATA[2023-05-11 17:55:45 INFO  BasePage:54 - Initializing the browser
2023-05-11 17:55:45 INFO  BasePage:42 - Initializing the chrome browser.
2023-05-11 17:55:46 INFO  BasePage:51 - Maximizing the chrome browser.
2023-05-11 17:55:46 INFO  BasePage:53 - Initializing the implicit wait for chrome browser.
2023-05-11 17:55:46 INFO  BasePage:56 - Navigating the application url
2023-05-11 17:55:51 INFO  BasePage:74 - Clicking on women's jacket option
2023-05-11 17:55:53 INFO  BasePage:76 - Filtering the size, color and pattern
2023-05-11 17:56:03 INFO  BasePage:80 - Items adding into cart
2023-05-11 17:56:06 INFO  BasePage:82 - User going to sign in
2023-05-11 17:56:12 INFO  BasePage:87 - Open the cart section
2023-05-11 17:56:27 INFO  BasePage:90 - Checking out the item
2023-05-11 17:56:32 INFO  BasePage:94 - Placing the order
2023-05-11 17:56:37 INFO  BasePage:96 - Verifying the order has been placed
2023-05-11 17:56:42 INFO  BasePage:100 - Log4j: Order placed successfully with women item.
]]></system-out>
    <system-err><![CDATA[ChromeDriver was started successfully.
May 11, 2023 5:55:46 PM org.openqa.selenium.devtools.CdpVersionFinder findNearestMatch
WARNING: Unable to find an exact match for CDP version 112, so returning the closest version found: 111
]]></system-err>
  </testcase>
  <testcase name="testMenShortsOrdering[32, Black, Rayon](1)" classname="tests.MensItemsOrderingTest" time="53.474">
    <system-out><![CDATA[2023-05-11 17:56:46 INFO  BasePage:55 - Initializing the browser
2023-05-11 17:56:46 INFO  BasePage:42 - Initializing the chrome browser.
2023-05-11 17:56:47 INFO  BasePage:51 - Maximizing the chrome browser.
2023-05-11 17:56:47 INFO  BasePage:53 - Initializing the implicit wait for chrome browser.
2023-05-11 17:56:47 INFO  BasePage:57 - Navigating the application url
2023-05-11 17:56:53 INFO  BasePage:75 - Clicking on men's shorts option
2023-05-11 17:56:55 INFO  BasePage:77 - Filtering the size, color and pattern
2023-05-11 17:57:05 INFO  BasePage:81 - Items adding into cart
2023-05-11 17:57:08 INFO  BasePage:83 - User going to sign in
2023-05-11 17:57:16 INFO  BasePage:88 - Open the cart section
2023-05-11 17:57:21 INFO  BasePage:90 - Proceeding for the checkout
2023-05-11 17:57:31 INFO  BasePage:92 - Checking out the item
2023-05-11 17:57:36 INFO  BasePage:96 - Placing the order
2023-05-11 17:57:41 INFO  BasePage:98 - Verifying the order has been placed
2023-05-11 17:57:46 INFO  BasePage:102 - Log4j: Order placed successfully with men item.
]]></system-out>
    <system-err><![CDATA[ChromeDriver was started successfully.
May 11, 2023 5:56:47 PM org.openqa.selenium.devtools.CdpVersionFinder findNearestMatch
WARNING: Unable to find an exact match for CDP version 112, so returning the closest version found: 111
]]></system-err>
  </testcase>
  <testcase name="emptyCartValidation" classname="tests.CartPageValidationTest" time="11">
    <system-out><![CDATA[2023-05-11 17:57:49 INFO  BasePage:45 - Initializing the browser
2023-05-11 17:57:49 INFO  BasePage:42 - Initializing the chrome browser.
2023-05-11 17:57:50 INFO  BasePage:51 - Maximizing the chrome browser.
2023-05-11 17:57:50 INFO  BasePage:53 - Initializing the implicit wait for chrome browser.
2023-05-11 17:57:50 INFO  BasePage:47 - Navigating the application url
2023-05-11 17:57:56 INFO  BasePage:61 - Clicking on cart link
2023-05-11 17:58:01 INFO  BasePage:63 - Verifying empty cart message
2023-05-11 17:58:06 INFO  BasePage:67 - Log4j: Empty cart message shown.
]]></system-out>
    <system-err><![CDATA[ChromeDriver was started successfully.
May 11, 2023 5:57:50 PM org.openqa.selenium.devtools.CdpVersionFinder findNearestMatch
WARNING: Unable to find an exact match for CDP version 112, so returning the closest version found: 111
]]></system-err>
  </testcase>
  <testcase name="testGuestUserOrdering[32, Black, Rayon](1)" classname="tests.GuestUserOrderingTest" time="41.484">
    <system-out><![CDATA[2023-05-11 17:58:09 INFO  BasePage:56 - Initializing the browser
2023-05-11 17:58:09 INFO  BasePage:42 - Initializing the chrome browser.
2023-05-11 17:58:11 INFO  BasePage:51 - Maximizing the chrome browser.
2023-05-11 17:58:11 INFO  BasePage:53 - Initializing the implicit wait for chrome browser.
2023-05-11 17:58:11 INFO  BasePage:58 - Navigating the application url
2023-05-11 17:58:16 INFO  BasePage:77 - Clicking on Shop New Yoga button
2023-05-11 17:58:17 INFO  BasePage:79 - Filtering the size, color and pattern
2023-05-11 17:58:27 INFO  BasePage:83 - Items adding into cart
2023-05-11 17:58:31 INFO  BasePage:85 - Open the cart section
2023-05-11 17:58:36 INFO  BasePage:87 - Proceeding for the checkout
2023-05-11 17:58:45 INFO  BasePage:89 - Checking out the item
2023-05-11 17:58:47 INFO  BasePage:93 - Placing the order
2023-05-11 17:58:52 INFO  BasePage:95 - Verifying the order has been placed
2023-05-11 17:58:57 INFO  BasePage:99 - Log4j: Order placed successfully by guest user.
]]></system-out>
    <system-err><![CDATA[ChromeDriver was started successfully.
May 11, 2023 5:58:11 PM org.openqa.selenium.devtools.CdpVersionFinder findNearestMatch
WARNING: Unable to find an exact match for CDP version 112, so returning the closest version found: 111
]]></system-err>
  </testcase>
</testsuite>